{"numTotalTestSuites":2,"numPassedTestSuites":2,"numFailedTestSuites":0,"numPendingTestSuites":0,"numTotalTests":1,"numPassedTests":1,"numFailedTests":0,"numPendingTests":0,"numTodoTests":0,"snapshot":{"added":0,"failure":false,"filesAdded":0,"filesRemoved":0,"filesRemovedList":[],"filesUnmatched":0,"filesUpdated":0,"matched":0,"total":0,"unchecked":0,"uncheckedKeysByFile":[],"unmatched":0,"updated":0,"didUpdate":false},"startTime":1789021371214,"success":true,"testResults":[{"assertionResults":[{"ancestorTitles":["format 유틸"],"fullName":"format 유틸 formatWon: 숫자를 \"1,523,000원\" 형태로 바꾼다","status":"passed","title":"formatWon: 숫자를 \"1,523,000원\" 형태로 바꾼다","duration":10.863099999999989,"failureMessages":[],"meta":{},"tags":[]}],"startTime":1789021371384,"endTime":1789021371394.863,"status":"passed","message":"","name":"C:/ITStudy/02_react/wonit/won-banking-mini/src/utils/format.test.js"}]}